# JRE version: OpenJDK Runtime Environment (11.0.4+10) (build 11.0.4+10-b304.69)
# Java VM: OpenJDK 64-Bit Server VM (11.0.4+10-b304.69, mixed mode, sharing, tiered, compressed oops, g1 gc, windows-amd64)
Heap:
 garbage-first heap   total 157696K, used 33422K [0x0000000081e00000, 0x0000000100000000)
  region size 1024K, 16 young (16384K), 3 survivors (3072K)
 Metaspace       used 28899K, capacity 29887K, committed 30076K, reserved 1075200K
  class space    used 3276K, capacity 3591K, committed 3712K, reserved 1048576K
GC Heap History (10 events):
Event: 4.127 GC heap before
{Heap before GC invocations=1 (full 0):
 garbage-first heap   total 131072K, used 78848K [0x0000000081e00000, 0x0000000100000000)
  region size 1024K, 76 young (77824K), 3 survivors (3072K)
 Metaspace       used 13888K, capacity 14901K, committed 15104K, reserved 1062912K
  class space    used 1601K, capacity 1779K, committed 1792K, reserved 1048576K
}
Event: 4.147 GC heap after
{Heap after GC invocations=2 (full 0):
 garbage-first heap   total 131072K, used 7903K [0x0000000081e00000, 0x0000000100000000)
  region size 1024K, 7 young (7168K), 7 survivors (7168K)
 Metaspace       used 13888K, capacity 14901K, committed 15104K, reserved 1062912K
  class space    used 1601K, capacity 1779K, committed 1792K, reserved 1048576K
}
Event: 6.029 GC heap before
{Heap before GC invocations=2 (full 0):
 garbage-first heap   total 131072K, used 78559K [0x0000000081e00000, 0x0000000100000000)
  region size 1024K, 76 young (77824K), 7 survivors (7168K)
 Metaspace       used 17509K, capacity 18254K, committed 18304K, reserved 1064960K
  class space    used 1969K, capacity 2156K, committed 2176K, reserved 1048576K
}
Event: 6.048 GC heap after
{Heap after GC invocations=3 (full 0):
 garbage-first heap   total 131072K, used 11039K [0x0000000081e00000, 0x0000000100000000)
  region size 1024K, 7 young (7168K), 7 survivors (7168K)
 Metaspace       used 17509K, capacity 18254K, committed 18304K, reserved 1064960K
  class space    used 1969K, capacity 2156K, committed 2176K, reserved 1048576K
}
Event: 6.266 GC heap before
{Heap before GC invocations=3 (full 0):
 garbage-first heap   total 131072K, used 22303K [0x0000000081e00000, 0x0000000100000000)
  region size 1024K, 19 young (19456K), 7 survivors (7168K)
 Metaspace       used 20414K, capacity 21138K, committed 21248K, reserved 1069056K
  class space    used 2356K, capacity 2545K, committed 2560K, reserved 1048576K
}
Event: 6.290 GC heap after
{Heap after GC invocations=4 (full 0):
 garbage-first heap   total 131072K, used 11764K [0x0000000081e00000, 0x0000000100000000)
  region size 1024K, 4 young (4096K), 4 survivors (4096K)
 Metaspace       used 20414K, capacity 21138K, committed 21248K, reserved 1069056K
  class space    used 2356K, capacity 2545K, committed 2560K, reserved 1048576K
}
Event: 7.377 GC heap before
{Heap before GC invocations=5 (full 0):
 garbage-first heap   total 131072K, used 71156K [0x0000000081e00000, 0x0000000100000000)
  region size 1024K, 63 young (64512K), 4 survivors (4096K)
 Metaspace       used 25134K, capacity 25935K, committed 26236K, reserved 1073152K
  class space    used 2866K, capacity 3097K, committed 3200K, reserved 1048576K
}
Event: 7.399 GC heap after
{Heap after GC invocations=6 (full 0):
 garbage-first heap   total 131072K, used 18643K [0x0000000081e00000, 0x0000000100000000)
  region size 1024K, 8 young (8192K), 8 survivors (8192K)
 Metaspace       used 25134K, capacity 25935K, committed 26236K, reserved 1073152K
  class space    used 2866K, capacity 3097K, committed 3200K, reserved 1048576K
}
Event: 8.929 GC heap before
{Heap before GC invocations=6 (full 0):
 garbage-first heap   total 131072K, used 78035K [0x0000000081e00000, 0x0000000100000000)
  region size 1024K, 66 young (67584K), 8 survivors (8192K)
 Metaspace       used 27890K, capacity 28809K, committed 29052K, reserved 1075200K
  class space    used 3132K, capacity 3446K, committed 3456K, reserved 1048576K
}
Event: 8.953 GC heap after
{Heap after GC invocations=7 (full 0):
 garbage-first heap   total 157696K, used 21134K [0x0000000081e00000, 0x0000000100000000)
  region size 1024K, 3 young (3072K), 3 survivors (3072K)
 Metaspace       used 27890K, capacity 28809K, committed 29052K, reserved 1075200K
  class space    used 3132K, capacity 3446K, committed 3456K, reserved 1048576K
}

